app/build/outputs/logs/manifest-merger-debug-report.txt
-- Merging decision tree log ---
manifest
ADDED from src\main\AndroidManifest.xml:2:1-47:12
	package
		ADDED from src\main\AndroidManifest.xml:4:5-47
		INJECTED from src\main\AndroidManifest.xml
		INJECTED from src\main\AndroidManifest.xml
	android:versionName
		ADDED from src\main\AndroidManifest.xml:6:5-30
		INJECTED from src\main\AndroidManifest.xml
		INJECTED from src\main\AndroidManifest.xml
	xmlns:tools
		ADDED from src\main\AndroidManifest.xml:3:5-51
	android:versionCode
		ADDED from src\main\AndroidManifest.xml:5:5-28
		INJECTED from src\main\AndroidManifest.xml
		INJECTED from src\main\AndroidManifest.xml
	xmlns:android
		ADDED from src\main\AndroidManifest.xml:2:11-69
uses-sdk
ADDED from src\main\AndroidManifest.xml:8:5-10:61
MERGED from [com.jjoe64:graphview:4.0.1] AndroidManifest.xml:7:5-9:41
MERGED from [com.android.support:support-v4:21.0.3] AndroidManifest.xml:15:5-42
MERGED from [com.getpebble:pebblekit:3.0.0] AndroidManifest.xml:7:5-9:41
MERGED from [EV_Coach:openxc:unspecified] AndroidManifest.xml:7:5-9:41
	tools:overrideLibrary
		ADDED from src\main\AndroidManifest.xml:10:9-58
	android:targetSdkVersion
		INJECTED from src\main\AndroidManifest.xml
		INJECTED from src\main\AndroidManifest.xml
	android:minSdkVersion
		ADDED from src\main\AndroidManifest.xml:9:9-35
		INJECTED from src\main\AndroidManifest.xml
		INJECTED from src\main\AndroidManifest.xml
uses-permission#android.permission.WRITE_EXTERNAL_STORAGE
ADDED from src\main\AndroidManifest.xml:12:5-81
	android:name
		ADDED from src\main\AndroidManifest.xml:12:22-78
uses-permission#android.permission.READ_PHONE_STATE
ADDED from src\main\AndroidManifest.xml:13:5-75
	android:name
		ADDED from src\main\AndroidManifest.xml:13:22-72
uses-permission#android.permission.READ_EXTERNAL_STORAGE
ADDED from src\main\AndroidManifest.xml:14:5-80
	android:name
		ADDED from src\main\AndroidManifest.xml:14:22-77
application
ADDED from src\main\AndroidManifest.xml:16:5-45:19
MERGED from [com.jjoe64:graphview:4.0.1] AndroidManifest.xml:11:5-12:19
MERGED from [com.android.support:support-v4:21.0.3] AndroidManifest.xml:16:5-19
	android:label
		ADDED from src\main\AndroidManifest.xml:19:9-41
	android:allowBackup
		ADDED from src\main\AndroidManifest.xml:17:9-35
	android:icon
		ADDED from src\main\AndroidManifest.xml:18:9-45
	android:theme
		ADDED from src\main\AndroidManifest.xml:20:9-40
activity#com.openxc.openxcstarter.StarterActivity
ADDED from src\main\AndroidManifest.xml:21:9-30:20
	android:screenOrientation
		ADDED from src\main\AndroidManifest.xml:24:13-49
	android:label
		ADDED from src\main\AndroidManifest.xml:23:13-45
	android:name
		ADDED from src\main\AndroidManifest.xml:22:13-68
intent-filter#android.intent.action.MAIN+android.intent.category.LAUNCHER
ADDED from src\main\AndroidManifest.xml:25:13-29:29
action#android.intent.action.MAIN
ADDED from src\main\AndroidManifest.xml:26:17-69
	android:name
		ADDED from src\main\AndroidManifest.xml:26:25-66
category#android.intent.category.LAUNCHER
ADDED from src\main\AndroidManifest.xml:28:17-77
	android:name
		ADDED from src\main\AndroidManifest.xml:28:27-74
activity#com.openxc.openxcstarter.GraphingActivity
ADDED from src\main\AndroidManifest.xml:31:9-34:51
	android:screenOrientation
		ADDED from src\main\AndroidManifest.xml:34:13-49
	android:label
		ADDED from src\main\AndroidManifest.xml:33:13-45
	android:name
		ADDED from src\main\AndroidManifest.xml:32:13-69
activity#com.openxc.openxcstarter.BreakdownActivity
ADDED from src\main\AndroidManifest.xml:35:9-38:51
	android:screenOrientation
		ADDED from src\main\AndroidManifest.xml:38:13-49
	android:label
		ADDED from src\main\AndroidManifest.xml:37:13-44
	android:name
		ADDED from src\main\AndroidManifest.xml:36:13-70
activity#com.openxc.openxcstarter.CoachActivity
ADDED from src\main\AndroidManifest.xml:39:9-74
	android:name
		ADDED from src\main\AndroidManifest.xml:39:19-72
activity#com.openxc.openxcstarter.SettingsActivity
ADDED from src\main\AndroidManifest.xml:40:9-77
	android:name
		ADDED from src\main\AndroidManifest.xml:40:19-75
service#com.openxc.VehicleManager
ADDED from src\main\AndroidManifest.xml:42:9-61
	android:name
		ADDED from src\main\AndroidManifest.xml:42:18-58
uses-permission#android.permission.ACCESS_MOCK_LOCATION
ADDED from [EV_Coach:openxc:unspecified] AndroidManifest.xml:11:5-79
	android:name
		ADDED from [EV_Coach:openxc:unspecified] AndroidManifest.xml:11:22-76
uses-permission#android.permission.ACCESS_FINE_LOCATION
ADDED from [EV_Coach:openxc:unspecified] AndroidManifest.xml:12:5-79
	android:name
		ADDED from [EV_Coach:openxc:unspecified] AndroidManifest.xml:12:22-76
service#com.openxc.remote.VehicleService
ADDED from [EV_Coach:openxc:unspecified] AndroidManifest.xml:15:5-17:37
	android:process
		ADDED from [EV_Coach:openxc:unspecified] AndroidManifest.xml:17:9-34
	android:name
		ADDED from [EV_Coach:openxc:unspecified] AndroidManifest.xml:16:9-56